# JRE version: OpenJDK Runtime Environment Temurin-21.0.10+7 (21.0.10+7) (build 21.0.10+7-LTS)
# Java VM: OpenJDK 64-Bit Server VM Temurin-21.0.10+7 (21.0.10+7-LTS, mixed mode, sharing, tiered, compressed oops, compressed class ptrs, parallel gc, windows-amd64)
GC Precious Log:
 CardTable entry size: 512
 CPUs: 12 total, 12 available
 Memory: 14188M
 Large Page Support: Disabled
 NUMA Support: Disabled
 Compressed Oops: Enabled (32-bit)
 Alignments: Space 512K, Generation 512K, Heap 2M
 Heap Min Capacity: 100M
 Heap Initial Capacity: 100M
 Heap Max Capacity: 2G
 Pre-touch: Disabled
 Parallel Workers: 10
Heap:
 PSYoungGen      total 5632K, used 1092K [0x00000000d5580000, 0x00000000d5c00000, 0x0000000100000000)
  eden space 5120K, 12% used [0x00000000d5580000,0x00000000d561d028,0x00000000d5a80000)
  from space 512K, 90% used [0x00000000d5b80000,0x00000000d5bf4010,0x00000000d5c00000)
  to   space 512K, 0% used [0x00000000d5b00000,0x00000000d5b00000,0x00000000d5b80000)
 ParOldGen       total 109056K, used 84719K [0x0000000080000000, 0x0000000086a80000, 0x00000000d5580000)
  object space 109056K, 77% used [0x0000000080000000,0x00000000852bbfa8,0x0000000086a80000)
 Metaspace       used 61815K, committed 63232K, reserved 1114112K
  class space    used 6573K, committed 7232K, reserved 1048576K
GC Heap History (20 events):
Event: 8.232 GC heap before
{Heap before GC invocations=144 (full 2):
 PSYoungGen      total 6144K, used 3579K [0x00000000d5580000, 0x00000000d5d80000, 0x0000000100000000)
  eden space 5120K, 50% used [0x00000000d5580000,0x00000000d58036c8,0x00000000d5a80000)
  from space 1024K, 98% used [0x00000000d5b80000,0x00000000d5c7b5a8,0x00000000d5c80000)
  to   space 1024K, 0% used [0x00000000d5c80000,0x00000000d5c80000,0x00000000d5d80000)
 ParOldGen       total 109056K, used 108743K [0x0000000080000000, 0x0000000086a80000, 0x00000000d5580000)
  object space 109056K, 99% used [0x0000000080000000,0x0000000086a31d68,0x0000000086a80000)
 Metaspace       used 58396K, committed 59776K, reserved 1114112K
  class space    used 6262K, committed 6848K, reserved 1048576K
}
Event: 8.233 GC heap after
{Heap after GC invocations=144 (full 2):
 PSYoungGen      total 5632K, used 320K [0x00000000d5580000, 0x00000000d5d00000, 0x0000000100000000)
  eden space 5120K, 0% used [0x00000000d5580000,0x00000000d5580000,0x00000000d5a80000)
  from space 512K, 62% used [0x00000000d5c80000,0x00000000d5cd0000,0x00000000d5d00000)
  to   space 1024K, 0% used [0x00000000d5b00000,0x00000000d5b00000,0x00000000d5c00000)
 ParOldGen       total 109056K, used 108791K [0x0000000080000000, 0x0000000086a80000, 0x00000000d5580000)
  object space 109056K, 99% used [0x0000000080000000,0x0000000086a3dd68,0x0000000086a80000)
 Metaspace       used 58396K, committed 59776K, reserved 1114112K
  class space    used 6262K, committed 6848K, reserved 1048576K
}
Event: 8.233 GC heap before
{Heap before GC invocations=145 (full 3):
 PSYoungGen      total 5632K, used 320K [0x00000000d5580000, 0x00000000d5d00000, 0x0000000100000000)
  eden space 5120K, 0% used [0x00000000d5580000,0x00000000d5580000,0x00000000d5a80000)
  from space 512K, 62% used [0x00000000d5c80000,0x00000000d5cd0000,0x00000000d5d00000)
  to   space 1024K, 0% used [0x00000000d5b00000,0x00000000d5b00000,0x00000000d5c00000)
 ParOldGen       total 109056K, used 108791K [0x0000000080000000, 0x0000000086a80000, 0x00000000d5580000)
  object space 109056K, 99% used [0x0000000080000000,0x0000000086a3dd68,0x0000000086a80000)
 Metaspace       used 58396K, committed 59776K, reserved 1114112K
  class space    used 6262K, committed 6848K, reserved 1048576K
}
Event: 8.314 GC heap after
{Heap after GC invocations=145 (full 3):
 PSYoungGen      total 5632K, used 0K [0x00000000d5580000, 0x00000000d5d00000, 0x0000000100000000)
  eden space 5120K, 0% used [0x00000000d5580000,0x00000000d5580000,0x00000000d5a80000)
  from space 512K, 0% used [0x00000000d5c80000,0x00000000d5c80000,0x00000000d5d00000)
  to   space 1024K, 0% used [0x00000000d5b00000,0x00000000d5b00000,0x00000000d5c00000)
 ParOldGen       total 109056K, used 80753K [0x0000000080000000, 0x0000000086a80000, 0x00000000d5580000)
  object space 109056K, 74% used [0x0000000080000000,0x0000000084edc488,0x0000000086a80000)
 Metaspace       used 58389K, committed 59776K, reserved 1114112K
  class space    used 6260K, committed 6848K, reserved 1048576K
}
Event: 8.342 GC heap before
{Heap before GC invocations=146 (full 3):
 PSYoungGen      total 5632K, used 5120K [0x00000000d5580000, 0x00000000d5d00000, 0x0000000100000000)
  eden space 5120K, 100% used [0x00000000d5580000,0x00000000d5a80000,0x00000000d5a80000)
  from space 512K, 0% used [0x00000000d5c80000,0x00000000d5c80000,0x00000000d5d00000)
  to   space 1024K, 0% used [0x00000000d5b00000,0x00000000d5b00000,0x00000000d5c00000)
 ParOldGen       total 109056K, used 80753K [0x0000000080000000, 0x0000000086a80000, 0x00000000d5580000)
  object space 109056K, 74% used [0x0000000080000000,0x0000000084edc488,0x0000000086a80000)
 Metaspace       used 59052K, committed 60480K, reserved 1114112K
  class space    used 6334K, committed 6976K, reserved 1048576K
}
Event: 8.342 GC heap after
{Heap after GC invocations=146 (full 3):
 PSYoungGen      total 6144K, used 288K [0x00000000d5580000, 0x00000000d5d00000, 0x0000000100000000)
  eden space 5120K, 0% used [0x00000000d5580000,0x00000000d5580000,0x00000000d5a80000)
  from space 1024K, 28% used [0x00000000d5b00000,0x00000000d5b48000,0x00000000d5c00000)
  to   space 512K, 0% used [0x00000000d5c80000,0x00000000d5c80000,0x00000000d5d00000)
 ParOldGen       total 109056K, used 80761K [0x0000000080000000, 0x0000000086a80000, 0x00000000d5580000)
  object space 109056K, 74% used [0x0000000080000000,0x0000000084ede488,0x0000000086a80000)
 Metaspace       used 59052K, committed 60480K, reserved 1114112K
  class space    used 6334K, committed 6976K, reserved 1048576K
}
Event: 8.397 GC heap before
{Heap before GC invocations=147 (full 3):
 PSYoungGen      total 6144K, used 5408K [0x00000000d5580000, 0x00000000d5d00000, 0x0000000100000000)
  eden space 5120K, 100% used [0x00000000d5580000,0x00000000d5a80000,0x00000000d5a80000)
  from space 1024K, 28% used [0x00000000d5b00000,0x00000000d5b48000,0x00000000d5c00000)
  to   space 512K, 0% used [0x00000000d5c80000,0x00000000d5c80000,0x00000000d5d00000)
 ParOldGen       total 109056K, used 80761K [0x0000000080000000, 0x0000000086a80000, 0x00000000d5580000)
  object space 109056K, 74% used [0x0000000080000000,0x0000000084ede488,0x0000000086a80000)
 Metaspace       used 59910K, committed 61248K, reserved 1114112K
  class space    used 6379K, committed 6976K, reserved 1048576K
}
Event: 8.397 GC heap after
{Heap after GC invocations=147 (full 3):
 PSYoungGen      total 5632K, used 320K [0x00000000d5580000, 0x00000000d5d00000, 0x0000000100000000)
  eden space 5120K, 0% used [0x00000000d5580000,0x00000000d5580000,0x00000000d5a80000)
  from space 512K, 62% used [0x00000000d5c80000,0x00000000d5cd0000,0x00000000d5d00000)
  to   space 512K, 0% used [0x00000000d5c00000,0x00000000d5c00000,0x00000000d5c80000)
 ParOldGen       total 109056K, used 80857K [0x0000000080000000, 0x0000000086a80000, 0x00000000d5580000)
  object space 109056K, 74% used [0x0000000080000000,0x0000000084ef6488,0x0000000086a80000)
 Metaspace       used 59910K, committed 61248K, reserved 1114112K
  class space    used 6379K, committed 6976K, reserved 1048576K
}
Event: 8.430 GC heap before
{Heap before GC invocations=148 (full 3):
 PSYoungGen      total 5632K, used 5440K [0x00000000d5580000, 0x00000000d5d00000, 0x0000000100000000)
  eden space 5120K, 100% used [0x00000000d5580000,0x00000000d5a80000,0x00000000d5a80000)
  from space 512K, 62% used [0x00000000d5c80000,0x00000000d5cd0000,0x00000000d5d00000)
  to   space 512K, 0% used [0x00000000d5c00000,0x00000000d5c00000,0x00000000d5c80000)
 ParOldGen       total 109056K, used 80857K [0x0000000080000000, 0x0000000086a80000, 0x00000000d5580000)
  object space 109056K, 74% used [0x0000000080000000,0x0000000084ef6488,0x0000000086a80000)
 Metaspace       used 60345K, committed 61760K, reserved 1114112K
  class space    used 6423K, committed 7040K, reserved 1048576K
}
Event: 8.431 GC heap after
{Heap after GC invocations=148 (full 3):
 PSYoungGen      total 5632K, used 512K [0x00000000d5580000, 0x00000000d5d80000, 0x0000000100000000)
  eden space 5120K, 0% used [0x00000000d5580000,0x00000000d5580000,0x00000000d5a80000)
  from space 512K, 100% used [0x00000000d5c00000,0x00000000d5c80000,0x00000000d5c80000)
  to   space 1024K, 0% used [0x00000000d5c80000,0x00000000d5c80000,0x00000000d5d80000)
 ParOldGen       total 109056K, used 81521K [0x0000000080000000, 0x0000000086a80000, 0x00000000d5580000)
  object space 109056K, 74% used [0x0000000080000000,0x0000000084f9c4a8,0x0000000086a80000)
 Metaspace       used 60345K, committed 61760K, reserved 1114112K
  class space    used 6423K, committed 7040K, reserved 1048576K
}
Event: 8.446 GC heap before
{Heap before GC invocations=149 (full 3):
 PSYoungGen      total 5632K, used 5632K [0x00000000d5580000, 0x00000000d5d80000, 0x0000000100000000)
  eden space 5120K, 100% used [0x00000000d5580000,0x00000000d5a80000,0x00000000d5a80000)
  from space 512K, 100% used [0x00000000d5c00000,0x00000000d5c80000,0x00000000d5c80000)
  to   space 1024K, 0% used [0x00000000d5c80000,0x00000000d5c80000,0x00000000d5d80000)
 ParOldGen       total 109056K, used 81521K [0x0000000080000000, 0x0000000086a80000, 0x00000000d5580000)
  object space 109056K, 74% used [0x0000000080000000,0x0000000084f9c4a8,0x0000000086a80000)
 Metaspace       used 60396K, committed 61760K, reserved 1114112K
  class space    used 6431K, committed 7040K, reserved 1048576K
}
Event: 8.447 GC heap after
{Heap after GC invocations=149 (full 3):
 PSYoungGen      total 6144K, used 992K [0x00000000d5580000, 0x00000000d5e80000, 0x0000000100000000)
  eden space 5120K, 0% used [0x00000000d5580000,0x00000000d5580000,0x00000000d5a80000)
  from space 1024K, 96% used [0x00000000d5c80000,0x00000000d5d78010,0x00000000d5d80000)
  to   space 2048K, 0% used [0x00000000d5a80000,0x00000000d5a80000,0x00000000d5c80000)
 ParOldGen       total 109056K, used 82313K [0x0000000080000000, 0x0000000086a80000, 0x00000000d5580000)
  object space 109056K, 75% used [0x0000000080000000,0x00000000850624b8,0x0000000086a80000)
 Metaspace       used 60396K, committed 61760K, reserved 1114112K
  class space    used 6431K, committed 7040K, reserved 1048576K
}
Event: 8.487 GC heap before
{Heap before GC invocations=150 (full 3):
 PSYoungGen      total 6144K, used 6112K [0x00000000d5580000, 0x00000000d5e80000, 0x0000000100000000)
  eden space 5120K, 100% used [0x00000000d5580000,0x00000000d5a80000,0x00000000d5a80000)
  from space 1024K, 96% used [0x00000000d5c80000,0x00000000d5d78010,0x00000000d5d80000)
  to   space 2048K, 0% used [0x00000000d5a80000,0x00000000d5a80000,0x00000000d5c80000)
 ParOldGen       total 109056K, used 82313K [0x0000000080000000, 0x0000000086a80000, 0x00000000d5580000)
  object space 109056K, 75% used [0x0000000080000000,0x00000000850624b8,0x0000000086a80000)
 Metaspace       used 60934K, committed 62336K, reserved 1114112K
  class space    used 6525K, committed 7104K, reserved 1048576K
}
Event: 8.488 GC heap after
{Heap after GC invocations=150 (full 3):
 PSYoungGen      total 6144K, used 640K [0x00000000d5580000, 0x00000000d5d80000, 0x0000000100000000)
  eden space 5120K, 0% used [0x00000000d5580000,0x00000000d5580000,0x00000000d5a80000)
  from space 1024K, 62% used [0x00000000d5a80000,0x00000000d5b20000,0x00000000d5b80000)
  to   space 1536K, 0% used [0x00000000d5c00000,0x00000000d5c00000,0x00000000d5d80000)
 ParOldGen       total 109056K, used 83329K [0x0000000080000000, 0x0000000086a80000, 0x00000000d5580000)
  object space 109056K, 76% used [0x0000000080000000,0x00000000851604c8,0x0000000086a80000)
 Metaspace       used 60934K, committed 62336K, reserved 1114112K
  class space    used 6525K, committed 7104K, reserved 1048576K
}
Event: 8.536 GC heap before
{Heap before GC invocations=151 (full 3):
 PSYoungGen      total 6144K, used 5760K [0x00000000d5580000, 0x00000000d5d80000, 0x0000000100000000)
  eden space 5120K, 100% used [0x00000000d5580000,0x00000000d5a80000,0x00000000d5a80000)
  from space 1024K, 62% used [0x00000000d5a80000,0x00000000d5b20000,0x00000000d5b80000)
  to   space 1536K, 0% used [0x00000000d5c00000,0x00000000d5c00000,0x00000000d5d80000)
 ParOldGen       total 109056K, used 83329K [0x0000000080000000, 0x0000000086a80000, 0x00000000d5580000)
  object space 109056K, 76% used [0x0000000080000000,0x00000000851604c8,0x0000000086a80000)
 Metaspace       used 61158K, committed 62592K, reserved 1114112K
  class space    used 6537K, committed 7168K, reserved 1048576K
}
Event: 8.538 GC heap after
{Heap after GC invocations=151 (full 3):
 PSYoungGen      total 6144K, used 918K [0x00000000d5580000, 0x00000000d5d00000, 0x0000000100000000)
  eden space 5120K, 0% used [0x00000000d5580000,0x00000000d5580000,0x00000000d5a80000)
  from space 1024K, 89% used [0x00000000d5c00000,0x00000000d5ce5bd0,0x00000000d5d00000)
  to   space 1024K, 0% used [0x00000000d5a80000,0x00000000d5a80000,0x00000000d5b80000)
 ParOldGen       total 109056K, used 83753K [0x0000000080000000, 0x0000000086a80000, 0x00000000d5580000)
  object space 109056K, 76% used [0x0000000080000000,0x00000000851ca4c8,0x0000000086a80000)
 Metaspace       used 61158K, committed 62592K, reserved 1114112K
  class space    used 6537K, committed 7168K, reserved 1048576K
}
Event: 8.602 GC heap before
{Heap before GC invocations=152 (full 3):
 PSYoungGen      total 6144K, used 6038K [0x00000000d5580000, 0x00000000d5d00000, 0x0000000100000000)
  eden space 5120K, 100% used [0x00000000d5580000,0x00000000d5a80000,0x00000000d5a80000)
  from space 1024K, 89% used [0x00000000d5c00000,0x00000000d5ce5bd0,0x00000000d5d00000)
  to   space 1024K, 0% used [0x00000000d5a80000,0x00000000d5a80000,0x00000000d5b80000)
 ParOldGen       total 109056K, used 83753K [0x0000000080000000, 0x0000000086a80000, 0x00000000d5580000)
  object space 109056K, 76% used [0x0000000080000000,0x00000000851ca4c8,0x0000000086a80000)
 Metaspace       used 61479K, committed 62912K, reserved 1114112K
  class space    used 6556K, committed 7168K, reserved 1048576K
}
Event: 8.603 GC heap after
{Heap after GC invocations=152 (full 3):
 PSYoungGen      total 6144K, used 440K [0x00000000d5580000, 0x00000000d5c80000, 0x0000000100000000)
  eden space 5120K, 0% used [0x00000000d5580000,0x00000000d5580000,0x00000000d5a80000)
  from space 1024K, 43% used [0x00000000d5a80000,0x00000000d5aee170,0x00000000d5b80000)
  to   space 1024K, 0% used [0x00000000d5b80000,0x00000000d5b80000,0x00000000d5c80000)
 ParOldGen       total 109056K, used 84470K [0x0000000080000000, 0x0000000086a80000, 0x00000000d5580000)
  object space 109056K, 77% used [0x0000000080000000,0x000000008527d958,0x0000000086a80000)
 Metaspace       used 61479K, committed 62912K, reserved 1114112K
  class space    used 6556K, committed 7168K, reserved 1048576K
}
Event: 31.100 GC heap before
{Heap before GC invocations=153 (full 3):
 PSYoungGen      total 6144K, used 5560K [0x00000000d5580000, 0x00000000d5c80000, 0x0000000100000000)
  eden space 5120K, 100% used [0x00000000d5580000,0x00000000d5a80000,0x00000000d5a80000)
  from space 1024K, 43% used [0x00000000d5a80000,0x00000000d5aee170,0x00000000d5b80000)
  to   space 1024K, 0% used [0x00000000d5b80000,0x00000000d5b80000,0x00000000d5c80000)
 ParOldGen       total 109056K, used 84470K [0x0000000080000000, 0x0000000086a80000, 0x00000000d5580000)
  object space 109056K, 77% used [0x0000000080000000,0x000000008527d958,0x0000000086a80000)
 Metaspace       used 61681K, committed 63104K, reserved 1114112K
  class space    used 6566K, committed 7232K, reserved 1048576K
}
Event: 31.101 GC heap after
{Heap after GC invocations=153 (full 3):
 PSYoungGen      total 5632K, used 464K [0x00000000d5580000, 0x00000000d5c00000, 0x0000000100000000)
  eden space 5120K, 0% used [0x00000000d5580000,0x00000000d5580000,0x00000000d5a80000)
  from space 512K, 90% used [0x00000000d5b80000,0x00000000d5bf4010,0x00000000d5c00000)
  to   space 512K, 0% used [0x00000000d5b00000,0x00000000d5b00000,0x00000000d5b80000)
 ParOldGen       total 109056K, used 84719K [0x0000000080000000, 0x0000000086a80000, 0x00000000d5580000)
  object space 109056K, 77% used [0x0000000080000000,0x00000000852bbfa8,0x0000000086a80000)
 Metaspace       used 61681K, committed 63104K, reserved 1114112K
  class space    used 6566K, committed 7232K, reserved 1048576K
}

